<?xml version="1.0" encoding="UTF-8"?>
<!-- Generated by org.testng.reporters.JUnitXMLReporter -->
<testsuite hostname="LAPTOP-8OF1CJ1H" ignored="0" name="Default test" tests="3" failures="0" timestamp="24 Mar 2018 03:06:22 GMT" time="3.925" errors="0">
  <testcase name="testResponseCode" time="3.473" classname="GetRequest.GetData"/>
  <testcase name="testbody" time="0.225" classname="GetRequest.GetData"/>
  <testcase name="testheader" time="0.141" classname="GetRequest.GetData"/>
</testsuite> <!-- Default test -->
